[TestNG] Running:
  C:\Users\tgupta\AppData\Local\Temp\testng-eclipse-1184278314\testng-customsuite.xml

***getEnvironment:requiredtcAndOsAndBrowser***:Wrkday_ManagerActions_VolunTermCommut=Windows 7||Internet Explorer
sAutomationPath:C:\Users\tgupta\Desktop\Workday\ sProjectName:Wrkday_Demo1 sECName:Wrkday_EmployeeDetailsChange_Primaryaddress sBrowser:Internet Explorer os:Windows 7
in getURL(-,-):C:\Users\tgupta\Desktop\Workday\Wrkday_Demo1\Constants\constant.properties
url retrived successfully:https://wd3-impl.workday.com/wday/authgwy/mckesson1/login.htmld
******startSelenium(-)**********https://wd3-impl.workday.com/wday/authgwy/mckesson1/login.htmld
Entered into invokeSeleniumLocally
Started InternetExplorerDriver server (32-bit)
3.4.0.0
Listening on port 45800
Only local connections are allowed
URL:https://wd3-impl.workday.com/wday/authgwy/mckesson1/login.htmld
Project Name:Wrkday_Demo1
after browser has launched
totalRows15
Jesus
Cardoza
Manger name--Jeremy Lambertson
emp_id 01302
Pass pW57F7-40
ValueJesus Cardoza===Jesus Cardoza
Pass------Jesus Cardoza
org.openqa.selenium.TimeoutException: Timed out after 100 seconds waiting for presence of element located by: By.xpath: html/body/div[5]/div[3]
Build info: version: '2.45.0', revision: '5017cb8', time: '2015-02-26 23:59:50'
System info: host: 'PRO-IND-500', ip: '10.11.52.147', os.name: 'Windows 7', os.arch: 'x86', os.version: '6.1', java.version: '1.7.0_51'
Session ID: e6b9484a-b0e0-4cdc-9ec7-df1ba4f45a4a
Driver info: org.openqa.selenium.ie.InternetExplorerDriver
Capabilities [{platform=WINDOWS, javascriptEnabled=true, browserName=internet explorer, unexpectedAlertBehaviour=dismiss, se:ieOptions={elementScrollBehavior=0, ignoreZoomSetting=false, enablePersistentHover=true, ie.ensureCleanSession=false, enableElementCacheCleanup=true, ie.enableFullPageScreenshot=true, ie.useLegacyFileUploadDialogHandling=false, ie.fileUploadDialogTimeout=3000, ie.forceShellWindowsApi=false, ignoreProtectedModeSettings=false, requireWindowFocus=false, initialBrowserUrl=http://localhost:45800/, ie.forceCreateProcessApi=false, nativeEvents=true, browserAttachTimeout=0, ie.browserCommandLineSwitches=}, version=11, pageLoadStrategy=normal}]**** in reportException ***

	at org.openqa.selenium.support.ui.WebDriverWait.timeoutException(WebDriverWait.java:79)
	at org.openqa.selenium.support.ui.FluentWait.until(FluentWait.java:228)
	at com.arsin.ArsinSeleniumAPI.effecta(ArsinSeleniumAPI.java:1034)
	at wrkday_pom.Emphomepg.empClk(Emphomepg.java:39)
	at employee_tests.Wrkday_EmployeeDetailsChange_Primaryaddress.primryAddrChng(Wrkday_EmployeeDetailsChange_Primaryaddress.java:75)
	at sun.reflect.NativeMethodAccessorImpl.invoke0(Native Method)
	at sun.reflect.NativeMethodAccessorImpl.invoke(NativeMethodAccessorImpl.java:57)
	at sun.reflect.DelegatingMethodAccessorImpl.invoke(DelegatingMethodAccessorImpl.java:43)
	at java.lang.reflect.Method.invoke(Method.java:606)
	at org.testng.internal.MethodInvocationHelper.invokeMethod(MethodInvocationHelper.java:84)
	at org.testng.internal.Invoker.invokeMethod(Invoker.java:714)
	at org.testng.internal.Invoker.invokeTestMethod(Invoker.java:901)
	at org.testng.internal.Invoker.invokeTestMethods(Invoker.java:1231)
	at org.testng.internal.TestMethodWorker.invokeTestMethods(TestMethodWorker.java:127)
	at org.testng.internal.TestMethodWorker.run(TestMethodWorker.java:111)
	at org.testng.TestRunner.privateRun(TestRunner.java:767)
	at org.testng.TestRunner.run(TestRunner.java:617)
	at org.testng.SuiteRunner.runTest(SuiteRunner.java:334)
	at org.testng.SuiteRunner.runSequentially(SuiteRunner.java:329)
	at org.testng.SuiteRunner.privateRun(SuiteRunner.java:291)
	at org.testng.SuiteRunner.run(SuiteRunner.java:240)
	at org.testng.SuiteRunnerWorker.runSuite(SuiteRunnerWorker.java:52)
	at org.testng.SuiteRunnerWorker.run(SuiteRunnerWorker.java:86)
	at org.testng.TestNG.runSuitesSequentially(TestNG.java:1224)
	at org.testng.TestNG.runSuitesLocally(TestNG.java:1149)
	at org.testng.TestNG.run(TestNG.java:1057)
	at org.testng.remote.AbstractRemoteTestNG.run(AbstractRemoteTestNG.java:132)
	at org.testng.remote.RemoteTestNG.initAndRun(RemoteTestNG.java:230)
	at org.testng.remote.RemoteTestNG.main(RemoteTestNG.java:76)
Caused by: org.openqa.selenium.NoSuchElementException: Unable to find element with xpath == html/body/div[5]/div[3] (WARNING: The server did not provide any stacktrace information)
Command duration or timeout: 312 milliseconds
For documentation on this error, please visit: http://seleniumhq.org/exceptions/no_such_element.html
Build info: version: '2.45.0', revision: '5017cb8', time: '2015-02-26 23:59:50'
System info: host: 'PRO-IND-500', ip: '10.11.52.147', os.name: 'Windows 7', os.arch: 'x86', os.version: '6.1', java.version: '1.7.0_51'
*** Element info: {Using=xpath, value=html/body/div[5]/div[3]}
Session ID: e6b9484a-b0e0-4cdc-9ec7-df1ba4f45a4a
Driver info: org.openqa.selenium.ie.InternetExplorerDriver
Capabilities [{platform=WINDOWS, javascriptEnabled=true, browserName=internet explorer, unexpectedAlertBehaviour=dismiss, se:ieOptions={elementScrollBehavior=0, ignoreZoomSetting=false, enablePersistentHover=true, ie.ensureCleanSession=false, enableElementCacheCleanup=true, ie.enableFullPageScreenshot=true, ie.useLegacyFileUploadDialogHandling=false, ie.fileUploadDialogTimeout=3000, ie.forceShellWindowsApi=false, ignoreProtectedModeSettings=false, requireWindowFocus=false, initialBrowserUrl=http://localhost:45800/, ie.forceCreateProcessApi=false, nativeEvents=true, browserAttachTimeout=0, ie.browserCommandLineSwitches=}, version=11, pageLoadStrategy=normal}]
	at sun.reflect.GeneratedConstructorAccessor22.newInstance(Unknown Source)
	at sun.reflect.DelegatingConstructorAccessorImpl.newInstance(DelegatingConstructorAccessorImpl.java:45)
	at java.lang.reflect.Constructor.newInstance(Constructor.java:526)
	at org.openqa.selenium.remote.ErrorHandler.createThrowable(ErrorHandler.java:204)
	at org.openqa.selenium.remote.ErrorHandler.throwIfResponseFailed(ErrorHandler.java:156)
	at org.openqa.selenium.remote.RemoteWebDriver.execute(RemoteWebDriver.java:599)
	at org.openqa.selenium.remote.RemoteWebDriver.findElement(RemoteWebDriver.java:352)
	at org.openqa.selenium.remote.RemoteWebDriver.findElementByXPath(RemoteWebDriver.java:449)
	at org.openqa.selenium.By$ByXPath.findElement(By.java:357)
	at org.openqa.selenium.remote.RemoteWebDriver.findElement(RemoteWebDriver.java:344)
	at org.openqa.selenium.support.ui.ExpectedConditions.findElement(ExpectedConditions.java:730)
	at org.openqa.selenium.support.ui.ExpectedConditions.access$0(ExpectedConditions.java:728)
	at org.openqa.selenium.support.ui.ExpectedConditions$3.apply(ExpectedConditions.java:106)
	at org.openqa.selenium.support.ui.ExpectedConditions$3.apply(ExpectedConditions.java:1)
	at org.openqa.selenium.support.ui.FluentWait.until(FluentWait.java:208)
	... 27 more
Screenshot pathC:\Users\tgupta\Desktop\Workday\Results\Wrkday_Demo1\stage\tgupta\20-11-17\Cycle1\Cycle1\Wrkday_EmployeeDetailsChange_Primaryaddress_7.png
Report step details method path:Expected element is not foundScreenshot:C:\Users\tgupta\Desktop\Workday\Results\Screenshots\Wrkday_EmployeeDetailsChange_Primaryaddress_20-11-17 12:08:28_7.png
Entered into stop selenium7
jobid=e6b9484a-b0e0-4cdc-9ec7-df1ba4f45a4a
startDate:Mon Nov 20 12:06:36 IST 2017 endDate:Mon Nov 20 12:08:28 IST 2017
sTestSetNameCycle1Cycle1
i0=20-11-17 12:06:14
i1=tgupta
i2=stage
i3=Cycle1
i4=Cycle1
i5=Wrkday_EmployeeDetailsChange_Primaryaddress
i6=Local
i7=Windows 7
i8=e6b9484a-b0e0-4cdc-9ec7-df1ba4f45a4a
i9=Fail
sResultsFolderPathC:\Users\tgupta\Desktop\Workday\Results\Wrkday_Demo1\stage\tgupta\20-11-17\Cycle1\Cycle1\
sResultFilePathC:\Users\tgupta\Desktop\Workday\Results\Wrkday_Demo1\stage\tgupta\20-11-17\Cycle1\Cycle1\Wrkday_EmployeeDetailsChange_Primaryaddress_e6b9484a-b0e0-4cdc-9ec7-df1ba4f45a4a_Fail.html
startDate:Mon Nov 20 12:06:36 IST 2017 endDate:Mon Nov 20 12:08:28 IST 2017
**tempXml**C:\Users\tgupta\AppData\Local\Temp\Wrkday_EmployeeDetailsChange_Primaryaddress.xml
Entered into generateHtml CurrentRunReports
Entered into generateHtml CurrentRunReports
entered into finally
entered into finally if
FAILED CONFIGURATION: @AfterClass oneTearDown
java.lang.AssertionError: Fail
	at com.thoughtworks.selenium.SeleneseTestBase.fail(SeleneseTestBase.java:393)
	at com.arsin.ArsinSeleniumAPI.stopSeleniumRunningLocally(ArsinSeleniumAPI.java:2861)
	at com.arsin.ArsinSeleniumAPI.stopSelenium(ArsinSeleniumAPI.java:2665)
	at employee_tests.Wrkday_EmployeeDetailsChange_Primaryaddress.oneTearDown(Wrkday_EmployeeDetailsChange_Primaryaddress.java:110)
	at sun.reflect.NativeMethodAccessorImpl.invoke0(Native Method)
	at sun.reflect.NativeMethodAccessorImpl.invoke(NativeMethodAccessorImpl.java:57)
	at sun.reflect.DelegatingMethodAccessorImpl.invoke(DelegatingMethodAccessorImpl.java:43)
	at java.lang.reflect.Method.invoke(Method.java:606)
	at org.testng.internal.MethodInvocationHelper.invokeMethod(MethodInvocationHelper.java:84)
	at org.testng.internal.Invoker.invokeConfigurationMethod(Invoker.java:564)
	at org.testng.internal.Invoker.invokeConfigurations(Invoker.java:213)
	at org.testng.internal.Invoker.invokeConfigurations(Invoker.java:138)
	at org.testng.internal.TestMethodWorker.invokeAfterClassMethods(TestMethodWorker.java:225)
	at org.testng.internal.TestMethodWorker.run(TestMethodWorker.java:114)
	at org.testng.TestRunner.privateRun(TestRunner.java:767)
	at org.testng.TestRunner.run(TestRunner.java:617)
	at org.testng.SuiteRunner.runTest(SuiteRunner.java:334)
	at org.testng.SuiteRunner.runSequentially(SuiteRunner.java:329)
	at org.testng.SuiteRunner.privateRun(SuiteRunner.java:291)
	at org.testng.SuiteRunner.run(SuiteRunner.java:240)
	at org.testng.SuiteRunnerWorker.runSuite(SuiteRunnerWorker.java:52)
	at org.testng.SuiteRunnerWorker.run(SuiteRunnerWorker.java:86)
	at org.testng.TestNG.runSuitesSequentially(TestNG.java:1224)
	at org.testng.TestNG.runSuitesLocally(TestNG.java:1149)
	at org.testng.TestNG.run(TestNG.java:1057)
	at org.testng.remote.AbstractRemoteTestNG.run(AbstractRemoteTestNG.java:132)
	at org.testng.remote.RemoteTestNG.initAndRun(RemoteTestNG.java:230)
	at org.testng.remote.RemoteTestNG.main(RemoteTestNG.java:76)

FAILED: primryAddrChng
java.lang.AssertionError: command:waitForElementPresent||description:Expected element is not found||Fail
	at com.thoughtworks.selenium.SeleneseTestBase.fail(SeleneseTestBase.java:393)
	at com.arsin.ArsinSeleniumAPI.reportStepDtlsWithScreenshot(ArsinSeleniumAPI.java:3009)
	at com.arsin.ArsinSeleniumAPI.reportException(ArsinSeleniumAPI.java:2185)
	at com.arsin.ArsinSeleniumAPI.effecta(ArsinSeleniumAPI.java:1562)
	at wrkday_pom.Emphomepg.empClk(Emphomepg.java:39)
	at employee_tests.Wrkday_EmployeeDetailsChange_Primaryaddress.primryAddrChng(Wrkday_EmployeeDetailsChange_Primaryaddress.java:75)
	at sun.reflect.NativeMethodAccessorImpl.invoke0(Native Method)
	at sun.reflect.NativeMethodAccessorImpl.invoke(NativeMethodAccessorImpl.java:57)
	at sun.reflect.DelegatingMethodAccessorImpl.invoke(DelegatingMethodAccessorImpl.java:43)
	at java.lang.reflect.Method.invoke(Method.java:606)
	at org.testng.internal.MethodInvocationHelper.invokeMethod(MethodInvocationHelper.java:84)
	at org.testng.internal.Invoker.invokeMethod(Invoker.java:714)
	at org.testng.internal.Invoker.invokeTestMethod(Invoker.java:901)
	at org.testng.internal.Invoker.invokeTestMethods(Invoker.java:1231)
	at org.testng.internal.TestMethodWorker.invokeTestMethods(TestMethodWorker.java:127)
	at org.testng.internal.TestMethodWorker.run(TestMethodWorker.java:111)
	at org.testng.TestRunner.privateRun(TestRunner.java:767)
	at org.testng.TestRunner.run(TestRunner.java:617)
	at org.testng.SuiteRunner.runTest(SuiteRunner.java:334)
	at org.testng.SuiteRunner.runSequentially(SuiteRunner.java:329)
	at org.testng.SuiteRunner.privateRun(SuiteRunner.java:291)
	at org.testng.SuiteRunner.run(SuiteRunner.java:240)
	at org.testng.SuiteRunnerWorker.runSuite(SuiteRunnerWorker.java:52)
	at org.testng.SuiteRunnerWorker.run(SuiteRunnerWorker.java:86)
	at org.testng.TestNG.runSuitesSequentially(TestNG.java:1224)
	at org.testng.TestNG.runSuitesLocally(TestNG.java:1149)
	at org.testng.TestNG.run(TestNG.java:1057)
	at org.testng.remote.AbstractRemoteTestNG.run(AbstractRemoteTestNG.java:132)
	at org.testng.remote.RemoteTestNG.initAndRun(RemoteTestNG.java:230)
	at org.testng.remote.RemoteTestNG.main(RemoteTestNG.java:76)


===============================================
    Default test
    Tests run: 1, Failures: 1, Skips: 0
    Configuration Failures: 1, Skips: 0
===============================================


===============================================
Default suite
Total tests run: 1, Failures: 1, Skips: 0
Configuration Failures: 1, Skips: 0
===============================================

[TestNG] Time taken by org.testng.reporters.jq.Main@7c3b99: 31 ms
[TestNG] Time taken by [FailedReporter passed=0 failed=0 skipped=0]: 0 ms
[TestNG] Time taken by org.testng.reporters.SuiteHTMLReporter@148ccb8: 47 ms
[TestNG] Time taken by org.testng.reporters.JUnitReportReporter@1330af4: 0 ms
[TestNG] Time taken by org.testng.reporters.XMLReporter@13ceab3: 0 ms
[TestNG] Time taken by org.testng.reporters.EmailableReporter2@8d116e: 15 ms








































oASelFW.effecta("waitForElementPresent","//span[text()='View Profile']/..","100");
				oASelFW.effecta("clickAndWait","//span[text()='View Profile']/..","ViewProfile");



oASelFW.effecta("waitForElementPresent","xpath=html/body/div[5]/div[3]","100");
				oASelFW.effecta("clickAndWait","xpath=html/body/div[5]/div[3]","ViewProfile");





public int performRequiredAction(String menu, String subMenu) throws Exception{
 		
 		Thread.sleep(300);
    	Robot robot = new Robot();
        robot.mouseMove(1,1);
        
        Actions action = new Actions(oASelFW.driver); 
        WebElement mainMenu = oASelFW.driver.findElement(By.xpath("//div[contains(@data-automation-label,'"+menu+"')]")); 
        action.moveToElement(mainMenu).perform();
        Thread.sleep(5000);
              
        int Size=oASelFW.driver.findElements(By.xpath("//div[text()='"+subMenu+"']")).size();
        
        System.out.println("No of listes are :" +Size);
       
        if(Size==0)
        {
        	oASelFW.effecta("sendReport", "'"+subMenu+"' is not listed in dropdown", "Skipping test script", "Pass");

        }
        else
        {
        WebElement wev  = oASelFW.driver.findElement(By.xpath("//div[text()='"+subMenu+"']"));
        ((JavascriptExecutor) oASelFW.driver).executeScript("arguments[0].click();", wev);
        Thread.sleep(300);
        oASelFW.reportStepDetails("Select "+menu+">"+subMenu, "Selected "+menu+">"+subMenu, "Pass");
 	}
        return Size;
 	}


































